{"Event_attributes": {"xmlns": "http://schemas.microsoft.com/win/2004/08/events/event"}, "Event": {"System": {"Provider_attributes": {"Name": "Microsoft-Windows-Sysmon", "Guid": "5770385F-C22A-43E0-BF4C-06F5698FFBD9"}, "EventID": 5, "Version": 3, "Level": 4, "Task": 5, "Opcode": 0, "Keywords": "0x8000000000000000", "TimeCreated_attributes": {"SystemTime": "2020-05-02T18:01:52.553053Z"}, "EventRecordID": 110429, "Correlation": null, "Execution_attributes": {"ProcessID": 3068, "ThreadID": 2232}, "Channel": "Microsoft-Windows-Sysmon/Operational", "Computer": "MSEDGEWIN10", "Security_attributes": {"UserID": "S-1-5-18"}}, "EventData": {"RuleName": "", "UtcTime": "2020-05-02 18:01:52.545", "ProcessGuid": "747F3D96-B49D-5EAD-0000-001029FEBE00", "ProcessId": 7212, "Image": "C:\\Users\\IEUser\\Tools\\PrivEsc\\PrintSpoofer.exe"}}}
{"Event_attributes": {"xmlns": "http://schemas.microsoft.com/win/2004/08/events/event"}, "Event": {"System": {"Provider_attributes": {"Name": "Microsoft-Windows-Sysmon", "Guid": "5770385F-C22A-43E0-BF4C-06F5698FFBD9"}, "EventID": 1, "Version": 5, "Level": 4, "Task": 1, "Opcode": 0, "Keywords": "0x8000000000000000", "TimeCreated_attributes": {"SystemTime": "2020-05-02T18:01:54.855306Z"}, "EventRecordID": 110430, "Correlation": null, "Execution_attributes": {"ProcessID": 3068, "ThreadID": 2232}, "Channel": "Microsoft-Windows-Sysmon/Operational", "Computer": "MSEDGEWIN10", "Security_attributes": {"UserID": "S-1-5-18"}}, "EventData": {"RuleName": "", "UtcTime": "2020-05-02 18:01:54.854", "ProcessGuid": "747F3D96-B592-5EAD-0000-0010ECCBC200", "ProcessId": 6760, "Image": "C:\\Users\\IEUser\\Tools\\PrivEsc\\PrintSpoofer.exe", "FileVersion": "?", "Description": "?", "Product": "?", "Company": "?", "OriginalFileName": "?", "CommandLine": "PrintSpoofer.exe  -i -c powershell.exe", "CurrentDirectory": "c:\\Users\\IEUser\\Tools\\PrivEsc\\", "User": "MSEDGEWIN10\\IEUser", "LogonGuid": "747F3D96-EC3C-5EAC-0000-0020B1120800", "LogonId": "0x812b1", "TerminalSessionId": 1, "IntegrityLevel": "High", "Hashes": "SHA1=5B4E523679205CAA3ADB9088E85D9C7DDBDE6E1A,MD5=A8DCC71A50B553CF0D5EE178B8F9B303,SHA256=901E01E7DB37A4328FF4C894927F05BFFF4CAE8D4C79C9D901439CBE9DDA4A66,IMPHASH=6654DFAC18B9CEE524F0065DAE2D8570", "ParentProcessGuid": "747F3D96-A51D-5EAD-0000-0010AB3D6800", "ParentProcessId": 5428, "ParentImage": "C:\\Windows\\System32\\cmd.exe", "ParentCommandLine": "\"C:\\Windows\\system32\\cmd.exe\""}}}
{"Event_attributes": {"xmlns": "http://schemas.microsoft.com/win/2004/08/events/event"}, "Event": {"System": {"Provider_attributes": {"Name": "Microsoft-Windows-Sysmon", "Guid": "5770385F-C22A-43E0-BF4C-06F5698FFBD9"}, "EventID": 17, "Version": 1, "Level": 4, "Task": 17, "Opcode": 0, "Keywords": "0x8000000000000000", "TimeCreated_attributes": {"SystemTime": "2020-05-02T18:01:54.863989Z"}, "EventRecordID": 110431, "Correlation": null, "Execution_attributes": {"ProcessID": 3068, "ThreadID": 2232}, "Channel": "Microsoft-Windows-Sysmon/Operational", "Computer": "MSEDGEWIN10", "Security_attributes": {"UserID": "S-1-5-18"}}, "EventData": {"RuleName": "Possible PrivEsc attempt - Rogue Spoolss Named Pipe", "EventType": "CreatePipe", "UtcTime": "2020-05-02 18:01:54.857", "ProcessGuid": "747F3D96-B592-5EAD-0000-0010ECCBC200", "ProcessId": 6760, "PipeName": "\\9023de59-e026-4da5-97dd-913597cd038f\\pipe\\spoolss", "Image": "c:\\Users\\IEUser\\Tools\\PrivEsc\\PrintSpoofer.exe"}}}
{"Event_attributes": {"xmlns": "http://schemas.microsoft.com/win/2004/08/events/event"}, "Event": {"System": {"Provider_attributes": {"Name": "Microsoft-Windows-Sysmon", "Guid": "5770385F-C22A-43E0-BF4C-06F5698FFBD9"}, "EventID": 18, "Version": 1, "Level": 4, "Task": 18, "Opcode": 0, "Keywords": "0x8000000000000000", "TimeCreated_attributes": {"SystemTime": "2020-05-02T18:01:54.864268Z"}, "EventRecordID": 110432, "Correlation": null, "Execution_attributes": {"ProcessID": 3068, "ThreadID": 2232}, "Channel": "Microsoft-Windows-Sysmon/Operational", "Computer": "MSEDGEWIN10", "Security_attributes": {"UserID": "S-1-5-18"}}, "EventData": {"RuleName": "", "EventType": "ConnectPipe", "UtcTime": "2020-05-02 18:01:54.863", "ProcessGuid": "747F3D96-B592-5EAD-0000-0010ECCBC200", "ProcessId": 6760, "PipeName": "\\spoolss", "Image": "c:\\Users\\IEUser\\Tools\\PrivEsc\\PrintSpoofer.exe"}}}
{"Event_attributes": {"xmlns": "http://schemas.microsoft.com/win/2004/08/events/event"}, "Event": {"System": {"Provider_attributes": {"Name": "Microsoft-Windows-Sysmon", "Guid": "5770385F-C22A-43E0-BF4C-06F5698FFBD9"}, "EventID": 18, "Version": 1, "Level": 4, "Task": 18, "Opcode": 0, "Keywords": "0x8000000000000000", "TimeCreated_attributes": {"SystemTime": "2020-05-02T18:01:54.864735Z"}, "EventRecordID": 110433, "Correlation": null, "Execution_attributes": {"ProcessID": 3068, "ThreadID": 2232}, "Channel": "Microsoft-Windows-Sysmon/Operational", "Computer": "MSEDGEWIN10", "Security_attributes": {"UserID": "S-1-5-18"}}, "EventData": {"RuleName": "Possible PrivEsc attempt - Rogue Spoolss Named Pipe", "EventType": "ConnectPipe", "UtcTime": "2020-05-02 18:01:54.863", "ProcessGuid": "747F3D96-6AB8-5EAD-0000-0010EB030000", "ProcessId": 4, "PipeName": "\\9023de59-e026-4da5-97dd-913597cd038f\\pipe\\spoolss", "Image": "System"}}}
{"Event_attributes": {"xmlns": "http://schemas.microsoft.com/win/2004/08/events/event"}, "Event": {"System": {"Provider_attributes": {"Name": "Microsoft-Windows-Sysmon", "Guid": "5770385F-C22A-43E0-BF4C-06F5698FFBD9"}, "EventID": 1, "Version": 5, "Level": 4, "Task": 1, "Opcode": 0, "Keywords": "0x8000000000000000", "TimeCreated_attributes": {"SystemTime": "2020-05-02T18:01:54.867394Z"}, "EventRecordID": 110434, "Correlation": null, "Execution_attributes": {"ProcessID": 3068, "ThreadID": 2232}, "Channel": "Microsoft-Windows-Sysmon/Operational", "Computer": "MSEDGEWIN10", "Security_attributes": {"UserID": "S-1-5-18"}}, "EventData": {"RuleName": "", "UtcTime": "2020-05-02 18:01:54.866", "ProcessGuid": "747F3D96-B592-5EAD-0000-0010D4CDC200", "ProcessId": 1428, "Image": "C:\\Windows\\System32\\WindowsPowerShell\\v1.0\\powershell.exe", "FileVersion": "10.0.17763.1 (WinBuild.160101.0800)", "Description": "Windows PowerShell", "Product": "Microsoft\u00ae Windows\u00ae Operating System", "Company": "Microsoft Corporation", "OriginalFileName": "PowerShell.EXE", "CommandLine": "powershell.exe", "CurrentDirectory": "C:\\Windows\\system32\\", "User": "NT AUTHORITY\\SYSTEM", "LogonGuid": "747F3D96-6ABB-5EAD-0000-0020E7030000", "LogonId": "0x3e7", "TerminalSessionId": 0, "IntegrityLevel": "System", "Hashes": "SHA1=6CBCE4A295C163791B60FC23D285E6D84F28EE4C,MD5=7353F60B1739074EB17C5F4DDDEFE239,SHA256=DE96A6E69944335375DC1AC238336066889D9FFC7D73628EF4FE1B1B160AB32C,IMPHASH=741776AACCFC5B71FF59832DCDCACE0F", "ParentProcessGuid": "747F3D96-B592-5EAD-0000-0010ECCBC200", "ParentProcessId": 6760, "ParentImage": "C:\\Users\\IEUser\\Tools\\PrivEsc\\PrintSpoofer.exe", "ParentCommandLine": "PrintSpoofer.exe  -i -c powershell.exe"}}}
{"Event_attributes": {"xmlns": "http://schemas.microsoft.com/win/2004/08/events/event"}, "Event": {"System": {"Provider_attributes": {"Name": "Microsoft-Windows-Sysmon", "Guid": "5770385F-C22A-43E0-BF4C-06F5698FFBD9"}, "EventID": 1, "Version": 5, "Level": 4, "Task": 1, "Opcode": 0, "Keywords": "0x8000000000000000", "TimeCreated_attributes": {"SystemTime": "2020-05-02T18:01:57.418442Z"}, "EventRecordID": 110435, "Correlation": null, "Execution_attributes": {"ProcessID": 3068, "ThreadID": 2232}, "Channel": "Microsoft-Windows-Sysmon/Operational", "Computer": "MSEDGEWIN10", "Security_attributes": {"UserID": "S-1-5-18"}}, "EventData": {"RuleName": "", "UtcTime": "2020-05-02 18:01:57.417", "ProcessGuid": "747F3D96-B595-5EAD-0000-00106BFDC200", "ProcessId": 6004, "Image": "C:\\Windows\\System32\\whoami.exe", "FileVersion": "10.0.17763.1 (WinBuild.160101.0800)", "Description": "whoami - displays logged on user information", "Product": "Microsoft\u00ae Windows\u00ae Operating System", "Company": "Microsoft Corporation", "OriginalFileName": "whoami.exe", "CommandLine": "\"C:\\Windows\\system32\\whoami.exe\"", "CurrentDirectory": "C:\\Windows\\system32\\", "User": "NT AUTHORITY\\SYSTEM", "LogonGuid": "747F3D96-6ABB-5EAD-0000-0020E7030000", "LogonId": "0x3e7", "TerminalSessionId": 0, "IntegrityLevel": "System", "Hashes": "SHA1=47D7864D26FC67E0D60391CBF170D33DA518C322,MD5=43C2D3293AD939241DF61B3630A9D3B6,SHA256=1D5491E3C468EE4B4EF6EDFF4BBC7D06EE83180F6F0B1576763EA2EFE049493A,IMPHASH=7FF0758B766F747CE57DFAC70743FB88", "ParentProcessGuid": "747F3D96-B592-5EAD-0000-0010D4CDC200", "ParentProcessId": 1428, "ParentImage": "C:\\Windows\\System32\\WindowsPowerShell\\v1.0\\powershell.exe", "ParentCommandLine": "powershell.exe"}}}
